<?xml version="1.0" encoding="UTF-8"?>
<testsuite name="com.algaworks.algashop.billing.domain.model.invoice.InvoiceTest" tests="11" skipped="0" failures="0" errors="0" timestamp="2025-12-12T20:43:15.103Z" hostname="DESKTOP-9BIDL1F" time="0.195">
  <properties/>
  <testcase name="shouldChangePaymentSettingsWhenUnpaid()" classname="com.algaworks.algashop.billing.domain.model.invoice.InvoiceTest" time="0.136"/>
  <testcase name="shouldCancelInvoiceWithReason()" classname="com.algaworks.algashop.billing.domain.model.invoice.InvoiceTest" time="0.01"/>
  <testcase name="shouldThrowExceptionWhenIssuingInvoiceWithEmptyItems()" classname="com.algaworks.algashop.billing.domain.model.invoice.InvoiceTest" time="0.007"/>
  <testcase name="shouldAssignPaymentGatewayCodeWhenUnpaid()" classname="com.algaworks.algashop.billing.domain.model.invoice.InvoiceTest" time="0.001"/>
  <testcase name="shouldMarkInvoiceAsPaidWhenUnpaid()" classname="com.algaworks.algashop.billing.domain.model.invoice.InvoiceTest" time="0.003"/>
  <testcase name="shouldThrowExceptionWhenMarkingCanceledInvoiceAsPaid()" classname="com.algaworks.algashop.billing.domain.model.invoice.InvoiceTest" time="0.003"/>
  <testcase name="shouldThrowExceptionWhenCancelingAlreadyCanceledInvoice()" classname="com.algaworks.algashop.billing.domain.model.invoice.InvoiceTest" time="0.002"/>
  <testcase name="shouldThrowExceptionWhenTryingToModifyItemsSet()" classname="com.algaworks.algashop.billing.domain.model.invoice.InvoiceTest" time="0.002"/>
  <testcase name="shouldThrowExceptionWhenAssigningGatewayCodeToPaidInvoice()" classname="com.algaworks.algashop.billing.domain.model.invoice.InvoiceTest" time="0.003"/>
  <testcase name="shouldThrowExceptionWhenChangingPaymentSettingsToPaidInvoice()" classname="com.algaworks.algashop.billing.domain.model.invoice.InvoiceTest" time="0.003"/>
  <testcase name="shouldIssueInvoiceCorrectly()" classname="com.algaworks.algashop.billing.domain.model.invoice.InvoiceTest" time="0.008"/>
  <system-out><![CDATA[]]></system-out>
  <system-err><![CDATA[]]></system-err>
</testsuite>
